"../../../MultiplayerShooter/Content/UI/HUD/W_HUD_DamageNotify.uasset" 0
"../../../MultiplayerShooter/Content/UI/TabMenu/W_Tab_PlayerStatDesc-Team.uasset" 1
"../../../Engine/Content/Functions/Engine_MaterialFunctions01/Opacity/CameraDepthFade.uasset" 2
"../../../Engine/Content/EngineMaterials/T_Default_Material_Grid_M.uasset" 3
"../../../Engine/Content/EngineMaterials/T_Default_Material_Grid_N.uasset" 4
"../../../Engine/Content/EngineMaterials/WorldGridMaterial.uasset" 5
"../../../Engine/Content/BasicShapes/Plane.uasset" 6
"../../../Engine/Content/EditorLandscapeResources/DataLayer.uasset" 7
"../../../Engine/Content/EditorMaterials/GizmoMaterial.uasset" 8
"../../../Engine/Content/EditorMaterials/MAT_Groups_Toggle.uasset" 9
"../../../Engine/Content/EditorMaterials/MAT_Groups_Visibility.uasset" 10
"../../../Engine/Content/EditorMaterials/PreviewShadowIndicator.uasset" 11
"../../../Engine/Content/EditorMaterials/PreviewShadowIndicatorMaterial.uasset" 12
"../../../Engine/Content/EditorMaterials/MatineeGroups/MAT_ColorTrack.uasset" 13
"../../../Engine/Content/EditorMaterials/MatineeGroups/MAT_Groups_Anim.uasset" 14
"../../../Engine/Content/EditorMaterials/MatineeGroups/MAT_Groups_AudioMaster.uasset" 15
"../../../Engine/Content/EditorMaterials/MatineeGroups/MAT_Groups_Director.uasset" 16
"../../../Engine/Content/EditorMaterials/MatineeGroups/MAT_Groups_Event.uasset" 17
"../../../Engine/Content/EditorMaterials/MatineeGroups/MAT_Groups_Fade.uasset" 18
"../../../Engine/Content/EditorMaterials/MatineeGroups/MAT_Groups_Float.uasset" 19
"../../../Engine/Content/EditorMaterials/MatineeGroups/MAT_Groups_Move.uasset" 20
"../../../Engine/Content/EditorMaterials/MatineeGroups/MAT_Groups_Slomo.uasset" 21
"../../../Engine/Content/EditorMaterials/MatineeGroups/MAT_Groups_Sound.uasset" 22
"../../../Engine/Content/EditorMaterials/MatineeGroups/MAT_Groups_Vector.uasset" 23
"../../../Engine/Content/EditorMaterials/ParticleSystems/PSysThumbnail_NoImage.uasset" 24
"../../../Engine/Content/EditorMaterials/ParticleSystems/PSysThumbnail_OOD.uasset" 25
"../../../Engine/Content/EditorMaterials/Camera/CineMat.uasset" 26
"../../../Engine/Content/EditorMaterials/Camera/MI_CineMat_Rig.uasset" 27
"../../../Engine/Content/EditorMeshes/Camera/SM_CraneRig_Arm.uasset" 28
"../../../Engine/Content/EditorMeshes/Camera/SM_CraneRig_Base.uasset" 29
"../../../Engine/Content/EditorMeshes/Camera/SM_CraneRig_Body.uasset" 30
"../../../Engine/Content/EditorMeshes/Camera/SM_CraneRig_Mount.uasset" 31
"../../../Engine/Content/EditorMeshes/Camera/SM_RailRig_Mount.uasset" 32
"../../../Engine/Content/EditorMeshes/Camera/SM_RailRig_Track.uasset" 33
"../../../Engine/Content/EditorMeshes/ColorCalibrator/M_ChromeBall.uasset" 34
"../../../Engine/Content/EditorMeshes/ColorCalibrator/M_ClearCoat.uasset" 35
"../../../Engine/Content/EditorMeshes/ColorCalibrator/M_ClearCoatBlack.uasset" 36
"../../../Engine/Content/EditorMeshes/ColorCalibrator/Color_checker.uasset" 37
"../../../Engine/Content/EditorMeshes/ColorCalibrator/M_ColorGrid.uasset" 38
"../../../Engine/Content/EditorMeshes/ColorCalibrator/M_GreyBall.uasset" 39
"../../../Engine/Content/EditorMeshes/ColorCalibrator/SM_ColorCalibrator.uasset" 40
"../../../Engine/Content/EditorResources/BSPVertex.uasset" 41
"../../../Engine/Content/EditorResources/EmptyActor.uasset" 42
"../../../Engine/Content/EditorResources/S_Actor.uasset" 43
"../../../Engine/Content/EditorResources/S_Trigger.uasset" 44
"../../../Engine/Content/EditorResources/LightIcons/S_LightError.uasset" 45
"../../../Engine/Content/EditorResources/SequenceRecorder/Countdown.uasset" 46
"../../../Engine/Content/EditorResources/SequenceRecorder/RecordingIndicator.uasset" 47
"../../../Engine/Content/EditorSounds/Notifications/CompileFailed.uasset" 48
"../../../Engine/Content/EditorSounds/Notifications/CompileFailed_Cue.uasset" 49
"../../../Engine/Content/EditorSounds/Notifications/CompileSuccess.uasset" 50
"../../../Engine/Content/EditorSounds/Notifications/CompileStart_Cue.uasset" 51
"../../../Engine/Content/EditorSounds/Notifications/CompileSuccess_Cue.uasset" 52
"../../../Engine/Content/EngineDamageTypes/DmgTypeBP_Environmental.uasset" 53
"../../../Engine/Content/EngineDebugMaterials/HeatmapGradient.uasset" 54
"../../../Engine/Content/EngineDebugMaterials/BoneWeightMaterial.uasset" 55
"../../../Engine/Content/EngineDebugMaterials/ClothMaterial.uasset" 56
"../../../Engine/Content/EngineDebugMaterials/ClothMaterial_WF.uasset" 57
"../../../Engine/Content/EngineDebugMaterials/DebugEditorMaterial.uasset" 58
"../../../Engine/Content/EngineDebugMaterials/DebugMeshMaterial.uasset" 59
"../../../Engine/Content/EngineDebugMaterials/GeomMaterial.uasset" 60
"../../../Engine/Content/EngineFonts/Faces/RobotoTiny.uasset" 61
"../../../Engine/Content/EngineFonts/RobotoTiny.uasset" 62
"../../../Engine/Content/EngineMaterials/DefaultBloomKernel.uasset" 63
"../../../Engine/Content/EngineMaterials/DefaultBokeh.uasset" 64
"../../../Engine/Content/EngineMaterials/DefaultDiffuse.uasset" 65
"../../../Engine/Content/EngineMaterials/DefaultDeferredDecalMaterial.uasset" 66
"../../../Engine/Content/EngineMaterials/DefaultLightFunctionMaterial.uasset" 67
"../../../Engine/Content/Functions/Engine_MaterialFunctions02/Utility/BreakOutFloat2Components.uasset" 68
"../../../Engine/Content/EngineMaterials/DefaultPostProcessMaterial.uasset" 69
"../../../Engine/Content/EngineFonts/RobotoDistanceField.uasset" 70
"../../../Engine/Content/EngineMaterials/DefaultTextMaterialOpaque.uasset" 71
"../../../Engine/Content/EngineMaterials/DefaultWhiteGrid.uasset" 72
"../../../Engine/Content/EngineMaterials/EditorBrushMaterial.uasset" 73
"../../../Engine/Content/EngineMaterials/Good64x64TilingNoiseHighFreq.uasset" 74
"../../../Engine/Content/EngineMaterials/MiniFont.uasset" 75
"../../../Engine/Content/EngineMaterials/InvalidLightmapSettings.uasset" 76
"../../../Engine/Content/EngineMaterials/M_InvalidLightmapSettings.uasset" 77
"../../../Engine/Content/Functions/Engine_MaterialFunctions02/WorldPositionOffset/CameraOffset.uasset" 78
"../../../Engine/Content/EngineMaterials/PhAT_JointLimitMaterial.uasset" 79
"../../../Engine/Content/EngineMaterials/PreintegratedSkinBRDF.uasset" 80
"../../../Engine/Content/EngineMaterials/RemoveSurfaceMaterial.uasset" 81
"../../../Engine/Content/EngineMaterials/WeightMapPlaceholderTexture.uasset" 82
"../../../Engine/Content/EngineResources/WhiteSquareTexture.uasset" 83
"../../../Engine/Content/EngineMaterials/Widget3DPassThrough.uasset" 84
"../../../Engine/Content/EngineMaterials/Widget3DPassThrough_Masked.uasset" 85
"../../../Engine/Content/EngineMaterials/Widget3DPassThrough_Opaque.uasset" 86
"../../../Engine/Content/EngineMaterials/Widget3DPassThrough_Masked_OneSided.uasset" 87
"../../../Engine/Content/EngineMaterials/Widget3DPassThrough_Opaque_OneSided.uasset" 88
"../../../Engine/Content/EngineMaterials/Widget3DPassThrough_Translucent.uasset" 89
"../../../Engine/Content/EngineMaterials/Widget3DPassThrough_Translucent_OneSided.uasset" 90
"../../../Engine/Content/EngineMaterials/DefaultMaterial.uasset" 91
"../../../Engine/Content/EngineMeshes/Cube.uasset" 92
"../../../Engine/Content/EngineMeshes/Cylinder.uasset" 93
"../../../Engine/Content/EngineMeshes/Sphere.uasset" 94
"../../../Engine/Content/EngineResources/Black.uasset" 95
"../../../Engine/Content/EngineResources/DefaultTexture.uasset" 96
"../../../Engine/Content/EngineResources/DefaultTextureCube.uasset" 97
"../../../Engine/Content/EngineResources/GradientTexture0.uasset" 98
"../../../Engine/Content/EngineSounds/Master.uasset" 99
"../../../Engine/Content/Functions/Engine_MaterialFunctions01/Shading/ConvertFromDiffSpec.uasset" 100
"../../../Engine/Content/Functions/Engine_MaterialFunctions01/Shading/PowerToRoughness.uasset" 101
"../../../Engine/Content/Maps/Templates/Thumbnails/Default.uasset" 102
"../../../Engine/Content/Maps/Templates/Thumbnails/VR-Basic.uasset" 103
"../../../Engine/Content/MobileResources/T_MobileControls_texture.uasset" 104
"../../../Engine/Content/MobileResources/T_MobileMenu2.uasset" 105
"../../../Engine/Content/MobileResources/HUD/AnalogHat.uasset" 106
"../../../Engine/Content/MobileResources/HUD/VirtualJoystick_Background.uasset" 107
"../../../Engine/Content/MobileResources/HUD/VirtualJoystick_Thumb.uasset" 108
"../../../Engine/Content/MobileResources/HUD/DefaultVirtualJoysticks.uasset" 109
"../../../Engine/Content/MobileResources/HUD/LeftVirtualJoystickOnly.uasset" 110
"../../../Engine/Content/MobileResources/HUD/MobileHUDButton1_off.uasset" 111
"../../../Engine/Content/MobileResources/HUD/MobileHUDButton1_on.uasset" 112
"../../../Engine/Content/MobileResources/HUD/MobileHUDButton2_off.uasset" 113
"../../../Engine/Content/MobileResources/HUD/MobileHUDButton2_on.uasset" 114
"../../../Engine/Content/MobileResources/HUD/MobileHUDButton3.uasset" 115
"../../../Engine/Content/MobileResources/HUD/MobileHUDButtonFire.uasset" 116
"../../../Engine/Content/MobileResources/HUD/MobileHUDDirectionPad.uasset" 117
"../../../Engine/Content/MobileResources/HUD/MobileHUDDirectionPad2.uasset" 118
"../../../Engine/Content/MobileResources/HUD/MobileHUDDirectionPad3.uasset" 119
"../../../Engine/Content/MobileResources/HUD/MobileHUDDirectionStick.uasset" 120
"../../../Engine/Content/MobileResources/HUD/T_Castle_ThumbstickInner.uasset" 121
"../../../Engine/Content/MobileResources/HUD/T_Castle_ThumbstickOutter.uasset" 122
"../../../Engine/Content/Tutorial/ContentIntroCurve.uasset" 123
"../../../Engine/Content/Tutorial/Basics/TutorialAssets/icon_tab_Levels_40x.uasset" 124
"../../../Engine/Content/Tutorial/BlueprintTutorials/TutorialAssets/BlueprintInterface_64x.uasset" 125
"../../../Engine/Content/Tutorial/BlueprintTutorials/TutorialAssets/BlueprintMacroLibrary_64x.uasset" 126
"../../../Engine/Content/Tutorial/BlueprintTutorials/TutorialAssets/Blueprint_64x.uasset" 127
"../../../Engine/Content/Tutorial/BlueprintTutorials/TutorialAssets/Tutorial_BP_Interface.uasset" 128
"../../../Engine/Content/Tutorial/Foliage/TutorialAssets/Foliage.uasset" 129
"../../../Engine/Content/Tutorial/Landscape/TutorialAssets/Landscape.uasset" 130
"../../../Engine/Content/Tutorial/Paper2D/TutorialAssets/Paper2DFlipbook_TutorialIcon.uasset" 131
"../../../Engine/Content/Tutorial/Paper2D/TutorialAssets/Paper2DSprite_TutorialIcon.uasset" 132
"../../../Engine/Content/Tutorial/SubEditors/TutorialAssets/icon_Editor_Preferences_General_40x.uasset" 133
"../../../Engine/Content/Tutorial/SubEditors/TutorialAssets/icon_ShowSkeletalMeshes_40x.uasset" 134
"../../../Engine/Content/Tutorial/SubEditors/TutorialAssets/TutorialMaterial.uasset" 135
"../../../Engine/Content/Tutorial/SubEditors/TutorialAssets/T_SmokeSubUV_8X8.uasset" 136
"../../../Engine/Content/Tutorial/SubEditors/TutorialAssets/T_soft_smoke.uasset" 137
"../../../Engine/Content/Tutorial/SubEditors/TutorialAssets/M_smoke_subUV_blackbody.uasset" 138
"../../../Engine/Content/Tutorial/SubEditors/TutorialAssets/TutorialParticleSystem.uasset" 139
"../../../Engine/Content/VREditor/Devices/Generic/GenericHMDMaterial.uasset" 140
"../../../Engine/Content/VREditor/Devices/Generic/GenericHMD.uasset" 141
"../../../Engine/Content/VREditor/FloatingText/LineMaterial.uasset" 142
"../../../Engine/Content/VREditor/FloatingText/JointSphere.uasset" 143
"../../../Engine/Content/VREditor/FloatingText/LineSegmentCylinder.uasset" 144
"../../../Engine/Content/VREditor/Fonts/VRText_RobotoLarge.uasset" 145
"../../../Engine/Content/VREditor/Fonts/VRTextMaterial.uasset" 146
"../../../Engine/Content/VREditor/Fonts/TranslucentVRTextMaterial.uasset" 147
"../../../Engine/Content/VREditor/LaserPointer/CursorPointer.uasset" 148
"../../../Engine/Content/VREditor/LaserPointer/VR_LaserPower_01.uasset" 149
"../../../Engine/Content/VREditor/TransformGizmo/TransformGizmoMaterial.uasset" 150
"../../../Engine/Content/VREditor/LaserPointer/HoverMaterial.uasset" 151
"../../../Engine/Content/VREditor/TransformGizmo/TranslucentTransformGizmoMaterial.uasset" 152
"../../../Engine/Content/VREditor/LaserPointer/TranslucentHoverMaterial.uasset" 153
"../../../Engine/Content/VREditor/LaserPointer/HoverMesh.uasset" 154
"../../../Engine/Content/VREditor/LaserPointer/LaserPointerMaterial.uasset" 155
"../../../Engine/Content/VREditor/LaserPointer/LaserPointerMaterialInst.uasset" 156
"../../../Engine/Content/VREditor/LaserPointer/TranslucentLaserPointerMaterialInst.uasset" 157
"../../../Engine/Content/VREditor/LaserPointer/LaserPointerMesh.uasset" 158
"../../../Engine/Content/VREditor/LaserPointer/LaserPointerMesh_End.uasset" 159
"../../../Engine/Content/VREditor/LaserPointer/LaserPointerMesh_Start.uasset" 160
"../../../Engine/Content/Functions/Engine_MaterialFunctions02/Utility/BreakOutFloat3Components.uasset" 161
"../../../Engine/Content/Functions/Engine_MaterialFunctions02/Math/Transform3x3Matrix.uasset" 162
"../../../Engine/Content/Functions/Engine_MaterialFunctions02/SplitComponents.uasset" 163
"../../../Engine/Content/Functions/Engine_MaterialFunctions02/Utility/MakeFloat3.uasset" 164
"../../../Engine/Content/VREditor/SnapGrid/SnapGridMaterial.uasset" 165
"../../../Engine/Content/VREditor/SnapGrid/SnapGridPlaneMesh.uasset" 166
"../../../Engine/Content/VREditor/Sounds/VR_teleport.uasset" 167
"../../../Engine/Content/VREditor/Sounds/UI/Click_on_Button_Cue.uasset" 168
"../../../Engine/Content/VREditor/Sounds/UI/Dockable_Window_Close.uasset" 169
"../../../Engine/Content/VREditor/Sounds/UI/Dockable_Window_Drop.uasset" 170
"../../../Engine/Content/VREditor/Sounds/UI/Dockable_Window_Open.uasset" 171
"../../../Engine/Content/VREditor/Sounds/UI/Dockable_Window_Pick_Up.uasset" 172
"../../../Engine/Content/VREditor/Sounds/UI/Drop_Item_From_ContentBrowser.uasset" 173
"../../../Engine/Content/VREditor/Sounds/UI/Floating_UI_Open-001.uasset" 174
"../../../Engine/Content/VREditor/Sounds/UI/Gizmo_Handle_Clicked.uasset" 175
"../../../Engine/Content/VREditor/Sounds/UI/Object_PickUp.uasset" 176
"../../../Engine/Content/VREditor/Sounds/UI/Object_Snaps_To_Another_Actor.uasset" 177
"../../../Engine/Content/VREditor/Sounds/UI/Object_Snaps_To_Grid.uasset" 178
"../../../Engine/Content/VREditor/Sounds/UI/Radial_Menu_FadeOut.uasset" 179
"../../../Engine/Content/VREditor/Sounds/UI/Scaling_Down.uasset" 180
"../../../Engine/Content/VREditor/Sounds/UI/Scaling_Up.uasset" 181
"../../../Engine/Content/VREditor/Sounds/UI/Selection_Changes.uasset" 182
"../../../Engine/Content/VREditor/Sounds/UI/Teleport_Mode_Entered.uasset" 183
"../../../Engine/Content/VREditor/Teleport/TeleportDirectionMaterial.uasset" 184
"../../../Engine/Content/VREditor/Teleport/TeleportDirectionMaterial_Inst.uasset" 185
"../../../Engine/Content/VREditor/Teleport/TeleportDirectionMesh.uasset" 186
"../../../Engine/Content/VREditor/TransformGizmo/BoundingBoxCorner.uasset" 187
"../../../Engine/Content/VREditor/TransformGizmo/BoundingBoxEdge.uasset" 188
"../../../Engine/Content/VREditor/TransformGizmo/PlaneTranslationHandle.uasset" 189
"../../../Engine/Content/VREditor/TransformGizmo/RotationHandleFull.uasset" 190
"../../../Engine/Content/VREditor/TransformGizmo/RotationHandleIndicator.uasset" 191
"../../../Engine/Content/VREditor/TransformGizmo/RotationHandleQuarter.uasset" 192
"../../../Engine/Content/VREditor/TransformGizmo/Main.uasset" 193
"../../../Engine/Content/VREditor/TransformGizmo/Xray.uasset" 194
"../../../Engine/Content/VREditor/TransformGizmo/SM_Dialog_Close.uasset" 195
"../../../Engine/Content/VREditor/TransformGizmo/SM_Dialog_Move.uasset" 196
"../../../Engine/Content/VREditor/TransformGizmo/SM_Sequencer_Key.uasset" 197
"../../../Engine/Content/VREditor/TransformGizmo/SM_Sequencer_Node.uasset" 198
"../../../Engine/Content/VREditor/TransformGizmo/StartRotationHandleIndicator.uasset" 199
"../../../Engine/Content/VREditor/TransformGizmo/TranslucentTransformGizmoMaterial_Inst.uasset" 200
"../../../Engine/Content/VREditor/TransformGizmo/TransformGizmoFreeRotation.uasset" 201
"../../../Engine/Content/VREditor/TransformGizmo/TransformGizmoMaterial_Inst.uasset" 202
"../../../Engine/Content/VREditor/TransformGizmo/TranslateArrowHandle.uasset" 203
"../../../Engine/Content/VREditor/TransformGizmo/UniformScaleHandle.uasset" 204
"../../../Engine/Content/VREditor/UI/KeyDiskMaterial.uasset" 205
"../../../Engine/Content/VREditor/UI/DiscMaterial.uasset" 206
"../../../Engine/Content/VREditor/UI/SM_Radial_Disk.uasset" 207
"../../../Engine/Content/Functions/Engine_MaterialFunctions01/Gradient/RadialGradient.uasset" 208
"../../../Engine/Content/VREditor/WorldMovementGrid/SimpleGrid.uasset" 209
"../../../Engine/Content/VREditor/WorldMovementGrid/GridMaterial.uasset" 210
"../../../Engine/Content/Functions/Engine_MaterialFunctions01/Density/ExponentialDensity.uasset" 211
"../../../Engine/Content/VREditor/WorldMovementGrid/GridPostProcess.uasset" 212
"../../../Engine/Content/EditorLandscapeResources/FlattenHeightMat.uasset" 213
"../../../Engine/Content/VREditor/WorldMovementGrid/PlaneMesh.uasset" 214
"../../../Engine/Plugins/2D/Paper2D/Content/PlaceholderTextures/DummySpriteTexture.uasset" 215
"../../../Engine/Plugins/2D/Paper2D/Content/DummySprite.uasset" 216
"../../../Engine/Plugins/2D/Paper2D/Content/DefaultPaperTerrainMaterial.uasset" 217
"../../../Engine/Plugins/2D/Paper2D/Content/DefaultSpriteMaterial.uasset" 218
"../../../Engine/Plugins/2D/Paper2D/Content/MaskedUnlitSpriteMaterial.uasset" 219
"../../../Engine/Plugins/2D/Paper2D/Content/OpaqueUnlitSpriteMaterial.uasset" 220
"../../../Engine/Plugins/Media/MediaCompositing/Content/DefaultMediaPlaneMaterial.uasset" 221
"../../../Engine/Content/Functions/Engine_MaterialFunctions02/Utility/MakeFloat4.uasset" 222
"../../../Engine/Plugins/Runtime/AppleARKit/Content/ARKitCameraMaterial.uasset" 223
"../../../Engine/Plugins/Runtime/Oculus/OculusVR/Content/Textures/GearVRController_AO.uasset" 224
"../../../Engine/Plugins/Runtime/Oculus/OculusVR/Content/Textures/GearVRController_Color.uasset" 225
"../../../Engine/Plugins/Runtime/Oculus/OculusVR/Content/Textures/GearVRController_Normal.uasset" 226
"../../../Engine/Plugins/Runtime/Oculus/OculusVR/Content/Materials/GearVRControllerMaterial.uasset" 227
"../../../Engine/Plugins/Runtime/Oculus/OculusVR/Content/Meshes/GearVrController.uasset" 228
"../../../Engine/Content/EditorBlueprintResources/StandardMacros.uasset" 229
"../../../MultiplayerShooter/Content/UI/MainMenu/W_MainMenu_Session.uasset" 230
"../../../MultiplayerShooter/Content/UI/MainMenu/W_MainMenu_FindServers.uasset" 231
"../../../MultiplayerShooter/Content/UI/MainMenu/W_MainMenu_Settings.uasset" 232
"../../../MultiplayerShooter/Content/UI/MainMenu/W_MainMenu.uasset" 233
"../../../MultiplayerShooter/Content/Maps/M_MainMenu.umap" 234
"../../../Engine/Content/EngineMeshes/Humanoid.uasset" 235
"../../../Engine/Content/Functions/Engine_MaterialFunctions02/Utility/BlendAngleCorrectedNormals.uasset" 236
"../../../Engine/Content/Functions/MaterialLayerFunctions/MatLayerBlend_NormalBlend.uasset" 237
"../../../Engine/Content/Functions/MaterialLayerFunctions/MatLayerBlend_Simple.uasset" 238
"../../../MultiplayerShooter/Content/Assets/Characters/Mannequin/Character/Materials/MaterialLayers/T_ML_Rubber_Blue_01_D.uasset" 239
"../../../MultiplayerShooter/Content/Assets/Characters/Mannequin/Character/Materials/MaterialLayers/T_ML_Rubber_Blue_01_N.uasset" 240
"../../../MultiplayerShooter/Content/Assets/Characters/Mannequin/Character/Materials/MaterialLayers/ML_GlossyBlack_Latex_UE4.uasset" 241
"../../../MultiplayerShooter/Content/Assets/Characters/Mannequin/Character/Materials/MaterialLayers/ML_Plastic_Shiny_Beige.uasset" 242
"../../../MultiplayerShooter/Content/Assets/Characters/Mannequin/Character/Textures/UE4_LOGO_CARD.uasset" 243
"../../../MultiplayerShooter/Content/Assets/Characters/Mannequin/Character/Materials/MaterialLayers/ML_Plastic_Shiny_Beige_LOGO.uasset" 244
"../../../MultiplayerShooter/Content/Assets/Characters/Mannequin/Character/Materials/MaterialLayers/T_ML_Aluminum01.uasset" 245
"../../../MultiplayerShooter/Content/Assets/Characters/Mannequin/Character/Materials/MaterialLayers/T_ML_Aluminum01_N.uasset" 246
"../../../MultiplayerShooter/Content/Assets/Characters/Mannequin/Character/Materials/MaterialLayers/ML_SoftMetal_UE4.uasset" 247
"../../../MultiplayerShooter/Content/Assets/Characters/Mannequin/Character/Textures/UE4_Mannequin__normals.uasset" 248
"../../../MultiplayerShooter/Content/Assets/Characters/Mannequin/Character/Textures/UE4_Mannequin_MAT_MASKA.uasset" 249
"../../../MultiplayerShooter/Content/Assets/Characters/Mannequin/Character/Materials/M_UE4Man_Body.uasset" 250
"../../../MultiplayerShooter/Content/Assets/Characters/Mannequin/Character/Textures/UE4Man_Logo_N.uasset" 251
"../../../MultiplayerShooter/Content/Assets/Characters/Mannequin/Character/Materials/M_UE4Man_ChestLogo.uasset" 252
"../../../MultiplayerShooter/Content/Assets/Characters/Mannequin/Character/Mesh/SK_Mannequin_PhysicsAsset.uasset" 253
"../../../MultiplayerShooter/Content/Assets/Characters/Mannequin/Character/Mesh/SK_Mannequin.uasset" 254
"../../../MultiplayerShooter/Content/Assets/Characters/Mannequin/Character/Mesh/SK_Human.uasset" 255
"../../../MultiplayerShooter/Content/Assets/Characters/FirstPerson/Animations/FirstPerson_Idle1.uasset" 256
"../../../MultiplayerShooter/Content/Assets/Characters/FirstPerson/Animations/A_FP_OneHand.uasset" 257
"../../../MultiplayerShooter/Content/Assets/Characters/FirstPerson/Animations/FirstPerson_JumpEnd1.uasset" 258
"../../../MultiplayerShooter/Content/Assets/Characters/FirstPerson/Animations/FirstPerson_JumpLoop1.uasset" 259
"../../../MultiplayerShooter/Content/Assets/Characters/FirstPerson/Animations/FirstPerson_JumpStart1.uasset" 260
"../../../MultiplayerShooter/Content/Assets/Characters/FirstPerson/Animations/FirstPerson_Run1.uasset" 261
"../../../MultiplayerShooter/Content/Assets/Characters/Mannequin/Animations/Reload_Rifle_Ironsights.uasset" 262
"../../../MultiplayerShooter/Content/Blueprints/Libs/Functions/BP_Functions_Debug.uasset" 263
"../../../Engine/Content/EditorBlueprintResources/ActorMacros.uasset" 264
"../../../MultiplayerShooter/Content/Blueprints/Libs/Interfaces/BP_InteractionInterface.uasset" 265
"../../../MultiplayerShooter/Content/Data/Enums/E_WeaponType.uasset" 266
"../../../MultiplayerShooter/Content/Blueprints/Weapons/BP_Weapon.uasset" 267
"../../../MultiplayerShooter/Content/Blueprints/Weapons/BP_MeleeWeapon.uasset" 268
"../../../MultiplayerShooter/Content/Blueprints/Weapons/Specials/BP_Special.uasset" 269
"../../../MultiplayerShooter/Content/Assets/Weapons/M_SpecialBeforeSet.uasset" 270
"../../../MultiplayerShooter/Content/Blueprints/Weapons/BP_SpecialWeapon.uasset" 271
"../../../MultiplayerShooter/Content/Blueprints/Weapons/Projectiles/BP_WeaponProjectile.uasset" 272
"../../../MultiplayerShooter/Content/Blueprints/Weapons/BP_ThrowableWeapon.uasset" 273
"../../../MultiplayerShooter/Content/Blueprints/Components/Player/BP_WeaponManager.uasset" 274
"../../../MultiplayerShooter/Content/Assets/Weapons/Materials/Fireholes/M_Firetrail.uasset" 275
"../../../MultiplayerShooter/Content/Assets/StarterContent/Materials/M_Basic_Wall.uasset" 276
"../../../MultiplayerShooter/Content/Assets/StarterContent/Shapes/Shape_Plane.uasset" 277
"../../../MultiplayerShooter/Content/Blueprints/Weapons/Other/BP_WeaponTrail.uasset" 278
"../../../Engine/Content/Functions/Engine_MaterialFunctions01/Gradient/RadialGradientExponential.uasset" 279
"../../../MultiplayerShooter/Content/Assets/Weapons/Materials/Fireholes/M_Firehole.uasset" 280
"../../../MultiplayerShooter/Content/Assets/StarterContent/Textures/T_Burst_M.uasset" 281
"../../../MultiplayerShooter/Content/Assets/StarterContent/Particles/Materials/M_Burst.uasset" 282
"../../../MultiplayerShooter/Content/Assets/StarterContent/Particles/Materials/m_flare_01.uasset" 283
"../../../MultiplayerShooter/Content/Assets/StarterContent/Particles/Materials/M_radial_ramp.uasset" 284
"../../../MultiplayerShooter/Content/Assets/StarterContent/Textures/T_Smoke_SubUV.uasset" 285
"../../../MultiplayerShooter/Content/Assets/StarterContent/Textures/T_Smoke_Tiled_D.uasset" 286
"../../../MultiplayerShooter/Content/Assets/StarterContent/Particles/Materials/M_smoke_subUV.uasset" 287
"../../../MultiplayerShooter/Content/Assets/StarterContent/Particles/P_GunFlash.uasset" 288
"../../../MultiplayerShooter/Content/Blueprints/Weapons/BP_FireWeapons.uasset" 289
"../../../MultiplayerShooter/Content/Assets/Characters/FirstPerson/Animations/FirstPerson_AnimBP.uasset" 290
"../../../MultiplayerShooter/Content/Assets/Characters/Mannequin/Animations/Idle_Rifle_Ironsights.uasset" 291
"../../../MultiplayerShooter/Content/Assets/Characters/Mannequin/Animations/A_Aim_Ironsights_Down.uasset" 292
"../../../MultiplayerShooter/Content/Assets/Characters/Mannequin/Animations/A_Aim_Ironsights_Forward.uasset" 293
"../../../MultiplayerShooter/Content/Assets/Characters/Mannequin/Animations/A_Aim_Ironsights_Up.uasset" 294
"../../../MultiplayerShooter/Content/Assets/Characters/Mannequin/Animations/AO_Aim_Ironsights.uasset" 295
"../../../MultiplayerShooter/Content/Assets/Characters/Mannequin/Animations/Crouch_Idle_Rifle_Hip.uasset" 296
"../../../MultiplayerShooter/Content/Assets/Characters/Mannequin/Animations/Crouch_Idle_Rifle_Ironsights.uasset" 297
"../../../MultiplayerShooter/Content/Assets/Characters/Mannequin/Animations/Crouch_to_Stand_Rifle_Ironsights.uasset" 298
"../../../MultiplayerShooter/Content/Assets/Characters/Mannequin/Animations/Stand_to_Crouch_Rifle_Ironsights.uasset" 299
"../../../MultiplayerShooter/Content/Assets/Characters/Mannequin/Animations/ThirdPerson_Jump.uasset" 300
"../../../MultiplayerShooter/Content/Assets/Characters/Mannequin/Animations/ThirdPersonJump_Loop.uasset" 301
"../../../MultiplayerShooter/Content/Assets/Characters/Mannequin/Animations/ThirdPersonJump_Start.uasset" 302
"../../../MultiplayerShooter/Content/Assets/Characters/Mannequin/Animations/Crouch_Walk_Bwd_Rifle_Hip.uasset" 303
"../../../MultiplayerShooter/Content/Assets/Characters/Mannequin/Animations/Crouch_Walk_Fwd_Rifle_Hip.uasset" 304
"../../../MultiplayerShooter/Content/Assets/Characters/Mannequin/Animations/Crouch_Walk_Lt_Rifle_Hip.uasset" 305
"../../../MultiplayerShooter/Content/Assets/Characters/Mannequin/Animations/Crouch_Walk_Rt_Rifle_Hip.uasset" 306
"../../../MultiplayerShooter/Content/Assets/Characters/Mannequin/Animations/BS_Crouch.uasset" 307
"../../../MultiplayerShooter/Content/Assets/Characters/Mannequin/Animations/Crouch_Walk_Bwd_Rifle_Ironsights.uasset" 308
"../../../MultiplayerShooter/Content/Assets/Characters/Mannequin/Animations/Crouch_Walk_Fwd_Rifle_Ironsights.uasset" 309
"../../../MultiplayerShooter/Content/Assets/Characters/Mannequin/Animations/Crouch_Walk_Lt_Rifle_Ironsights.uasset" 310
"../../../MultiplayerShooter/Content/Assets/Characters/Mannequin/Animations/BS_Ironsights_Crouch.uasset" 311
"../../../MultiplayerShooter/Content/Assets/Characters/Mannequin/Animations/Jog_Bwd_Rifle.uasset" 312
"../../../MultiplayerShooter/Content/Assets/Characters/Mannequin/Animations/Jog_Fwd_Rifle.uasset" 313
"../../../MultiplayerShooter/Content/Assets/Characters/Mannequin/Animations/Jog_Lt_Rifle.uasset" 314
"../../../MultiplayerShooter/Content/Assets/Characters/Mannequin/Animations/Jog_Rt_Rifle.uasset" 315
"../../../MultiplayerShooter/Content/Assets/Characters/Mannequin/Animations/BS_Ironsights_MovementByAngle.uasset" 316
"../../../MultiplayerShooter/Content/Assets/Characters/Mannequin/Animations/ThirdPersonIdle.uasset" 317
"../../../MultiplayerShooter/Content/Assets/Characters/Mannequin/Animations/ThirdPersonRun.uasset" 318
"../../../MultiplayerShooter/Content/Assets/Characters/Mannequin/Animations/ThirdPersonWalk.uasset" 319
"../../../MultiplayerShooter/Content/Assets/Characters/Mannequin/Animations/ThirdPerson_IdleRun_2D.uasset" 320
"../../../MultiplayerShooter/Content/Assets/Characters/Mannequin/Animations/ThirdPerson_AnimBP.uasset" 321
"../../../MultiplayerShooter/Content/Assets/StarterContent/Textures/T_Brick_Clay_New_D.uasset" 322
"../../../MultiplayerShooter/Content/Assets/StarterContent/Textures/T_Brick_Clay_Old_D.uasset" 323
"../../../MultiplayerShooter/Content/Assets/StarterContent/Textures/T_Brick_Cut_Stone_D.uasset" 324
"../../../MultiplayerShooter/Content/Data/Structs/ST_MapInfo.uasset" 325
"../../../MultiplayerShooter/Content/Data/DataTables/DT_VoteMaps.uasset" 326
"../../../MultiplayerShooter/Content/Blueprints/Components/Game/BP_MapVoteController.uasset" 327
"../../../MultiplayerShooter/Content/Blueprints/Game/Spectators/BP_GameSpectator.uasset" 328
"../../../MultiplayerShooter/Content/Blueprints/Game/Spectators/BP_GameSpectator_CharFollow.uasset" 329
"../../../MultiplayerShooter/Content/Blueprints/Game/Spectators/BP_GameSpectator_Free.uasset" 330
"../../../MultiplayerShooter/Content/Blueprints/Player/Camera/CamShake_Damage.uasset" 331
"../../../Engine/Content/Functions/Engine_MaterialFunctions02/ScreenResolution.uasset" 332
"../../../MultiplayerShooter/Content/Assets/PostProcess/M_PP_DamageNotify.uasset" 333
"../../../MultiplayerShooter/Content/Blueprints/Player/Camera/BP_PlayerCamManager.uasset" 334
"../../../MultiplayerShooter/Content/Blueprints/Player/BP_PlayerController.uasset" 335
"../../../Engine/Content/EngineFonts/Faces/RobotoBold.uasset" 336
"../../../Engine/Content/EngineFonts/Faces/RobotoBoldItalic.uasset" 337
"../../../Engine/Content/EngineFonts/Faces/RobotoItalic.uasset" 338
"../../../Engine/Content/EngineFonts/Faces/RobotoLight.uasset" 339
"../../../Engine/Content/EngineFonts/Faces/RobotoRegular.uasset" 340
"../../../Engine/Content/EngineFonts/Roboto.uasset" 341
"../../../MultiplayerShooter/Content/UI/General/Chat/W_ChatMessageInput.uasset" 342
"../../../MultiplayerShooter/Content/UI/General/Chat/W_Chat_Message.uasset" 343
"../../../MultiplayerShooter/Content/UI/General/Chat/W_Chat.uasset" 344
"../../../MultiplayerShooter/Content/Data/Enums/E_GameState.uasset" 345
"../../../MultiplayerShooter/Content/UI/General/KillChat/W_KillChat_KillInfo.uasset" 346
"../../../MultiplayerShooter/Content/UI/General/KillChat/W_KillChat.uasset" 347
"../../../MultiplayerShooter/Content/UI/General/W_RoundTime.uasset" 348
"../../../MultiplayerShooter/Content/Blueprints/Tools/Minimap/NewTextureRenderTarget2D.uasset" 349
"../../../MultiplayerShooter/Content/Blueprints/Tools/Minimap/T_Minimap.uasset" 350
"../../../MultiplayerShooter/Content/Blueprints/Tools/Minimap/BP_MinimapHelper.uasset" 351
"../../../MultiplayerShooter/Content/Blueprints/Tools/Minimap/M_Minimap.uasset" 352
"../../../MultiplayerShooter/Content/Data/Enums/E_Team.uasset" 353
"../../../MultiplayerShooter/Content/Blueprints/Player/BP_TeamPlayerState.uasset" 354
"../../../MultiplayerShooter/Content/UI/HUD/Minimap/W_HUD_Minimap_Mark-Player.uasset" 355
"../../../MultiplayerShooter/Content/UI/HUD/Minimap/W_HUD_Minimap_Canvas.uasset" 356
"../../../MultiplayerShooter/Content/UI/HUD/Minimap/W_HUD_Minimap.uasset" 357
"../../../MultiplayerShooter/Content/Assets/Characters/FirstPerson/Textures/FirstPersonCrosshair.uasset" 358
"../../../MultiplayerShooter/Content/UI/HUD/W_HUD_Crosshair.uasset" 359
"../../../MultiplayerShooter/Content/UI/HUD/W_HUD_HealthStats.uasset" 360
"../../../MultiplayerShooter/Content/UI/HUD/W_HUD_WeaponStats.uasset" 361
"../../../MultiplayerShooter/Content/UI/HUD/W_HUD.uasset" 362
"../../../MultiplayerShooter/Content/UI/PostRoundScreen/W_PostRound-Map.uasset" 363
"../../../MultiplayerShooter/Content/UI/PostRoundScreen/W_PostRound-VoteRemainTime.uasset" 364
"../../../MultiplayerShooter/Content/UI/PostRoundScreen/W_PostRound-MapVote.uasset" 365
"../../../MultiplayerShooter/Content/UI/TabMenu/W_Tab_PlayerStat.uasset" 366
"../../../MultiplayerShooter/Content/UI/TabMenu/W_Tab_PlayerStatDesc.uasset" 367
"../../../MultiplayerShooter/Content/UI/TabMenu/W_TabMenu.uasset" 368
"../../../MultiplayerShooter/Content/UI/PostRoundScreen/W_PostRoundScreen.uasset" 369
"../../../MultiplayerShooter/Content/UI/PreRoundScreen/W_PreRound_Time.uasset" 370
"../../../MultiplayerShooter/Content/UI/PreRoundScreen/W_PreRound_Player.uasset" 371
"../../../MultiplayerShooter/Content/UI/PreRoundScreen/W_PreScreen_Players.uasset" 372
"../../../MultiplayerShooter/Content/UI/PreRoundScreen/W_PreRound.uasset" 373
"../../../MultiplayerShooter/Content/UI/Spectating/W_Spectate_KillerInfo.uasset" 374
"../../../MultiplayerShooter/Content/UI/Spectating/W_Spectate.uasset" 375
"../../../MultiplayerShooter/Content/Blueprints/Game/BP_BaseHUD.uasset" 376
"../../../MultiplayerShooter/Content/Blueprints/Game/BP_TeamGameState.uasset" 377
"../../../MultiplayerShooter/Content/UI/TabMenu/W_Tab_TeamPoints.uasset" 378
"../../../MultiplayerShooter/Content/UI/HUD/W_HUD-Team.uasset" 379
"../../../MultiplayerShooter/Content/UI/PostRoundScreen/W_PostRoundScreen-Team.uasset" 380
"../../../MultiplayerShooter/Content/UI/PreRoundScreen/W_PreRound_TeamSelect.uasset" 381
"../../../MultiplayerShooter/Content/UI/PreRoundScreen/W_PreRound-Team.uasset" 382
"../../../MultiplayerShooter/Content/UI/TabMenu/W_TabMenu-Team.uasset" 383
"../../../MultiplayerShooter/Content/Blueprints/Game/BP_TeamHUD.uasset" 384
"../../../MultiplayerShooter/Content/Blueprints/Player/BP_TeamPlayerController.uasset" 385
"../../../MultiplayerShooter/Content/Blueprints/Game/BP_TeamGameMode.uasset" 386
"../../../MultiplayerShooter/Content/Blueprints/Libs/Functions/BP_Functions_GlobalGetters.uasset" 387
"../../../MultiplayerShooter/Content/Blueprints/Player/BP_PlayerState.uasset" 388
"../../../MultiplayerShooter/Content/Blueprints/Components/Game/BP_ChatController.uasset" 389
"../../../MultiplayerShooter/Content/Blueprints/Game/BP_BaseGameState.uasset" 390
"../../../MultiplayerShooter/Content/Blueprints/Game/BP_BaseGameMode.uasset" 391
"../../../MultiplayerShooter/Content/Blueprints/Components/Player/BP_HealthComponent.uasset" 392
"../../../MultiplayerShooter/Content/Assets/StarterContent/Textures/T_MacroVariation.uasset" 393
"../../../MultiplayerShooter/Content/Assets/StarterContent/Textures/T_Metal_Steel_D.uasset" 394
"../../../MultiplayerShooter/Content/Assets/StarterContent/Textures/T_Metal_Steel_N.uasset" 395
"../../../MultiplayerShooter/Content/Assets/StarterContent/Materials/M_Metal_Steel.uasset" 396
"../../../Engine/Content/BasicShapes/Sphere.uasset" 397
"../../../MultiplayerShooter/Content/Blueprints/Weapons/Projectiles/BP_WeaponProjectile_Bullet.uasset" 398
"../../../MultiplayerShooter/Content/Assets/Weapons/FPWeapon/Materials/MaterialLayers/T_ML_Rubber_Blue_01_D.uasset" 399
"../../../MultiplayerShooter/Content/Assets/Weapons/FPWeapon/Materials/MaterialLayers/T_ML_Rubber_Blue_01_N.uasset" 400
"../../../MultiplayerShooter/Content/Assets/Weapons/FPWeapon/Materials/MaterialLayers/ML_GlossyBlack_Latex_UE4.uasset" 401
"../../../MultiplayerShooter/Content/Assets/Weapons/FPWeapon/Materials/MaterialLayers/ML_Plastic_Shiny_Beige.uasset" 402
"../../../MultiplayerShooter/Content/Assets/Weapons/FPWeapon/Materials/MaterialLayers/ML_Screen.uasset" 403
"../../../MultiplayerShooter/Content/Assets/Weapons/FPWeapon/Materials/MaterialLayers/T_ML_Aluminum01.uasset" 404
"../../../MultiplayerShooter/Content/Assets/Weapons/FPWeapon/Materials/MaterialLayers/T_ML_Aluminum01_N.uasset" 405
"../../../MultiplayerShooter/Content/Assets/Weapons/FPWeapon/Materials/MaterialLayers/ML_SoftMetal_UE4.uasset" 406
"../../../MultiplayerShooter/Content/Assets/Weapons/FPWeapon/Textures/T_FPGun_M.uasset" 407
"../../../MultiplayerShooter/Content/Assets/Weapons/FPWeapon/Textures/T_FPGun_N.uasset" 408
"../../../MultiplayerShooter/Content/Assets/Weapons/FPWeapon/Materials/M_FPGun.uasset" 409
"../../../MultiplayerShooter/Content/Assets/Weapons/FPWeapon/Mesh/SK_FPGun_Physics.uasset" 410
"../../../MultiplayerShooter/Content/Assets/Weapons/FPWeapon/Mesh/SK_FPGun_Skeleton.uasset" 411
"../../../MultiplayerShooter/Content/Assets/Weapons/FPWeapon/Mesh/SK_FPGun.uasset" 412
"../../../MultiplayerShooter/Content/Blueprints/Weapons/BP_Weapon_AutoRifles.uasset" 413
"../../../MultiplayerShooter/Content/Assets/Weapons/Maps/Finka/Finka_dDo_d.uasset" 414
"../../../MultiplayerShooter/Content/Assets/Weapons/Maps/Finka/Finka_dDo_g.uasset" 415
"../../../MultiplayerShooter/Content/Assets/Weapons/Maps/Finka/Finka_dDo_n.uasset" 416
"../../../MultiplayerShooter/Content/Assets/Weapons/Maps/Finka/Finka_dDo_s.uasset" 417
"../../../MultiplayerShooter/Content/Assets/Weapons/M_Knif.uasset" 418
"../../../MultiplayerShooter/Content/Assets/Weapons/Fin.uasset" 419
"../../../MultiplayerShooter/Content/Blueprints/Weapons/BP_Weapon_Knife.uasset" 420
"../../../MultiplayerShooter/Content/Assets/Weapons/M_Pistol.uasset" 421
"../../../MultiplayerShooter/Content/Assets/Weapons/USP.uasset" 422
"../../../MultiplayerShooter/Content/Blueprints/Weapons/BP_Weapon_Pistol.uasset" 423
"../../../MultiplayerShooter/Content/Assets/Characters/FirstPerson/Character/Materials/MaterialLayers/T_ML_Rubber_Blue_01_D.uasset" 424
"../../../MultiplayerShooter/Content/Assets/Characters/FirstPerson/Character/Materials/MaterialLayers/T_ML_Rubber_Blue_01_N.uasset" 425
"../../../MultiplayerShooter/Content/Assets/Characters/FirstPerson/Character/Materials/MaterialLayers/ML_GlossyBlack_Latex_UE4.uasset" 426
"../../../MultiplayerShooter/Content/Assets/Characters/FirstPerson/Character/Materials/MaterialLayers/ML_Plastic_Shiny_Beige.uasset" 427
"../../../MultiplayerShooter/Content/Assets/Characters/FirstPerson/Character/Textures/UE4_LOGO_CARD.uasset" 428
"../../../MultiplayerShooter/Content/Assets/Characters/FirstPerson/Character/Materials/MaterialLayers/ML_Plastic_Shiny_Beige_LOGO.uasset" 429
"../../../MultiplayerShooter/Content/Assets/Characters/FirstPerson/Character/Materials/MaterialLayers/T_ML_Aluminum01.uasset" 430
"../../../MultiplayerShooter/Content/Assets/Characters/FirstPerson/Character/Materials/MaterialLayers/T_ML_Aluminum01_N.uasset" 431
"../../../MultiplayerShooter/Content/Assets/Characters/FirstPerson/Character/Materials/MaterialLayers/ML_SoftMetal_UE4.uasset" 432
"../../../MultiplayerShooter/Content/Assets/Characters/FirstPerson/Character/Textures/UE4_Mannequin__normals.uasset" 433
"../../../MultiplayerShooter/Content/Assets/Characters/FirstPerson/Character/Textures/UE4_Mannequin_MAT_MASKA.uasset" 434
"../../../MultiplayerShooter/Content/Assets/Characters/FirstPerson/Character/Materials/M_UE4Man_Body.uasset" 435
"../../../MultiplayerShooter/Content/Assets/Characters/FirstPerson/Character/Mesh/SK_Mannequin_Arms_PhysicsAsset.uasset" 436
"../../../MultiplayerShooter/Content/Assets/Characters/FirstPerson/Character/Mesh/SK_Mannequin_Arms.uasset" 437
"../../../MultiplayerShooter/Content/Blueprints/Player/BP_PlayerCharacter.uasset" 438
"../../../MultiplayerShooter/Content/Blueprints/Game/BP_GamePlayerStart.uasset" 439
"../../../Engine/Content/EngineSky/C_Sky_Cloud_Color.uasset" 440
"../../../Engine/Content/EngineSky/C_Sky_Horizon_Color.uasset" 441
"../../../Engine/Content/EngineSky/C_Sky_Zenith_Color.uasset" 442
"../../../Engine/Content/EngineSky/T_Sky_Blue.uasset" 443
"../../../Engine/Content/EngineSky/T_Sky_Clouds_M.uasset" 444
"../../../Engine/Content/EngineSky/T_Sky_Stars.uasset" 445
"../../../Engine/Content/EngineSky/M_Sky_Panning_Clouds2.uasset" 446
"../../../Engine/Content/EngineSky/SM_SkySphere.uasset" 447
"../../../Engine/Content/EngineSky/BP_Sky_Sphere.uasset" 448
"../../../Engine/Content/BasicShapes/BasicShapeMaterial.uasset" 449
"../../../Engine/Content/BasicShapes/Cone.uasset" 450
"../../../MultiplayerShooter/Content/Blueprints/GameObjects/BP_WeaponSpawner.uasset" 451
"../../../Engine/Content/BasicShapes/Cylinder.uasset" 452
"../../../MultiplayerShooter/Content/Assets/StarterContent/Textures/T_Explosion_SubUV.uasset" 453
"../../../MultiplayerShooter/Content/Assets/StarterContent/Particles/Materials/M_explosion_subUV.uasset" 454
"../../../MultiplayerShooter/Content/Assets/StarterContent/Particles/P_Explosion.uasset" 455
"../../../MultiplayerShooter/Content/Blueprints/Weapons/Specials/BP_Specials_Landmine.uasset" 456
"../../../MultiplayerShooter/Content/Blueprints/Weapons/BP_SpecialWeapon_Landmine.uasset" 457
"../../../Engine/Content/BasicShapes/Cube.uasset" 458
"../../../MultiplayerShooter/Content/Blueprints/Weapons/Specials/BP_Special_Turret.uasset" 459
"../../../MultiplayerShooter/Content/Blueprints/Weapons/BP_SpecialWeapon_Turret.uasset" 460
"../../../MultiplayerShooter/Content/Assets/Weapons/AK.uasset" 461
"../../../MultiplayerShooter/Content/Blueprints/Weapons/BP_Weapon_AK.uasset" 462
"../../../MultiplayerShooter/Content/Blueprints/Weapons/BP_Weapon_AutoPistol.uasset" 463
"../../../MultiplayerShooter/Content/Assets/Weapons/Maps/Axe/DefaultMaterial_Base_Color.uasset" 464
"../../../MultiplayerShooter/Content/Assets/Weapons/Maps/Axe/DefaultMaterial_Metallic.uasset" 465
"../../../MultiplayerShooter/Content/Assets/Weapons/Maps/Axe/DefaultMaterial_Normal_DirectX.uasset" 466
"../../../MultiplayerShooter/Content/Assets/Weapons/Maps/Axe/DefaultMaterial_Roughness.uasset" 467
"../../../MultiplayerShooter/Content/Assets/Weapons/M_Axe.uasset" 468
"../../../MultiplayerShooter/Content/Assets/Weapons/AXE.uasset" 469
"../../../MultiplayerShooter/Content/Blueprints/Weapons/BP_Weapon_Axe.uasset" 470
"../../../MultiplayerShooter/Content/Assets/Weapons/Shotgun.uasset" 471
"../../../MultiplayerShooter/Content/Blueprints/Weapons/BP_Weapon_Shotgun.uasset" 472
"../../../MultiplayerShooter/Content/UI/Other/Scope_Sniper/M_Scope.uasset" 473
"../../../MultiplayerShooter/Content/UI/Other/Scope_Sniper/M_Scope_Crosshair.uasset" 474
"../../../MultiplayerShooter/Content/UI/Other/Scope_Sniper/W_Scope.uasset" 475
"../../../MultiplayerShooter/Content/Blueprints/Weapons/BP_Weapon_SniperRifles.uasset" 476
"../../../MultiplayerShooter/Content/Assets/Weapons/Grenade.uasset" 477
"../../../MultiplayerShooter/Content/Blueprints/Weapons/Projectiles/BP_WeaponProjectile_Grenade.uasset" 478
"../../../MultiplayerShooter/Content/Blueprints/Weapons/BP_WeaponGrenade.uasset" 479
"../../../MultiplayerShooter/Content/Assets/Materials/Gravel_LayerInfo.uasset" 480
"../../../MultiplayerShooter/Content/Assets/Materials/Rock_LayerInfo.uasset" 481
"../../../MultiplayerShooter/Content/Assets/Materials/Sand_LayerInfo.uasset" 482
"../../../MultiplayerShooter/Content/Maps/M_Map1_BuiltData.uasset" 483
"../../../MultiplayerShooter/Content/Assets/StarterContent/Textures/T_Ground_Gravel_D.uasset" 484
"../../../MultiplayerShooter/Content/Assets/StarterContent/Textures/T_Ground_Gravel_N.uasset" 485
"../../../MultiplayerShooter/Content/Assets/StarterContent/Textures/T_Perlin_Noise_M.uasset" 486
"../../../MultiplayerShooter/Content/Assets/Materials/MF_Gravel.uasset" 487
"../../../MultiplayerShooter/Content/Assets/StarterContent/Textures/T_Rock_Basalt_D.uasset" 488
"../../../MultiplayerShooter/Content/Assets/StarterContent/Textures/T_Rock_Basalt_N.uasset" 489
"../../../MultiplayerShooter/Content/Assets/Materials/MF_Rock.uasset" 490
"../../../MultiplayerShooter/Content/Assets/StarterContent/Textures/T_Rock_Sandstone_D.uasset" 491
"../../../MultiplayerShooter/Content/Assets/StarterContent/Textures/T_Rock_Sandstone_N.uasset" 492
"../../../MultiplayerShooter/Content/Assets/Materials/MF_Sand.uasset" 493
"../../../MultiplayerShooter/Content/Assets/Materials/M_Landscape.uasset" 494
"../../../Engine/Content/EngineMaterials/DefaultPhysicalMaterial.uasset" 495
"../../../MultiplayerShooter/Content/Maps/M_Map1.umap" 496
